[0m15:41:28.062419 [debug] [MainThread]: Sending event: {'category': 'dbt', 'action': 'invocation', 'label': 'start', 'context': [<snowplow_tracker.self_describing_json.SelfDescribingJson object at 0x000001CA23FCAC00>, <snowplow_tracker.self_describing_json.SelfDescribingJson object at 0x000001CA2153E0C0>, <snowplow_tracker.self_describing_json.SelfDescribingJson object at 0x000001CA2475F3E0>]}


============================== 15:41:28.082791 | 5f26701b-69ad-4985-bef5-6c700280aa49 ==============================
[0m15:41:28.082791 [info ] [MainThread]: Running with dbt=1.9.2
[0m15:41:28.082791 [debug] [MainThread]: running dbt with arguments {'printer_width': '80', 'indirect_selection': 'eager', 'log_cache_events': 'False', 'write_json': 'True', 'partial_parse': 'True', 'cache_selected_only': 'False', 'profiles_dir': 'C:\\Users\\Atrium\\.dbt', 'version_check': 'True', 'fail_fast': 'False', 'log_path': 'logs', 'debug': 'False', 'warn_error': 'None', 'use_colors': 'True', 'use_experimental_parser': 'False', 'empty': 'None', 'quiet': 'False', 'no_print': 'None', 'warn_error_options': 'WarnErrorOptions(include=[], exclude=[])', 'static_parser': 'True', 'introspect': 'True', 'invocation_command': 'dbt init jaffle_shop', 'target_path': 'None', 'log_format': 'default', 'send_anonymous_usage_stats': 'True'}
[0m15:41:28.091951 [warn ] [MainThread]: [ConfigFolderDirectory]: Unable to parse logging event dictionary. Failed to parse dir field: expected string or bytes-like object, got 'WindowsPath'.. Dictionary: {'dir': WindowsPath('C:/Users/Atrium/.dbt')}
[0m15:41:28.107712 [info ] [MainThread]: Creating dbt configuration folder at 
[0m15:41:28.107712 [debug] [MainThread]: Starter project path: C:\Users\Atrium\Shubham\dbt-tutorial\dbt-env\Lib\site-packages\dbt\include\starter_project
[0m15:41:28.123560 [info ] [MainThread]: 
Your new dbt project "jaffle_shop" was created!

For more information on how to configure the profiles.yml file,
please consult the dbt documentation here:

  https://docs.getdbt.com/docs/configure-your-profile

One more thing:

Need help? Don't hesitate to reach out to us via GitHub issues or on Slack:

  https://community.getdbt.com/

Happy modeling!

[0m15:41:28.123560 [info ] [MainThread]: Setting up your profile.
[0m15:41:28.123560 [error] [MainThread]: Encountered an error:
Runtime Error
  No adapters available. Learn how to install an adapter by going to https://docs.getdbt.com/docs/connect-adapters#install-using-the-cli
[0m15:41:28.123560 [debug] [MainThread]: Command `dbt init` failed at 15:41:28.123560 after 0.19 seconds
[0m15:41:28.123560 [debug] [MainThread]: Sending event: {'category': 'dbt', 'action': 'invocation', 'label': 'end', 'context': [<snowplow_tracker.self_describing_json.SelfDescribingJson object at 0x000001CA23FCAC00>, <snowplow_tracker.self_describing_json.SelfDescribingJson object at 0x000001CA24B79EB0>, <snowplow_tracker.self_describing_json.SelfDescribingJson object at 0x000001CA24680EC0>]}
[0m15:41:28.123560 [debug] [MainThread]: Flushing usage events
[0m15:41:29.205943 [debug] [MainThread]: An error was encountered while trying to flush usage events
[0m11:30:06.954137 [debug] [MainThread]: Sending event: {'category': 'dbt', 'action': 'invocation', 'label': 'start', 'context': [<snowplow_tracker.self_describing_json.SelfDescribingJson object at 0x000001A456947530>, <snowplow_tracker.self_describing_json.SelfDescribingJson object at 0x000001A45986AE10>, <snowplow_tracker.self_describing_json.SelfDescribingJson object at 0x000001A45986BB00>]}


============================== 11:30:06.959741 | 25ab6763-8073-486f-a3fe-583fbeba1a52 ==============================
[0m11:30:06.959741 [info ] [MainThread]: Running with dbt=1.9.2
[0m11:30:06.961218 [debug] [MainThread]: running dbt with arguments {'printer_width': '80', 'indirect_selection': 'eager', 'write_json': 'True', 'log_cache_events': 'False', 'partial_parse': 'True', 'cache_selected_only': 'False', 'profiles_dir': 'C:\\Users\\Atrium\\.dbt', 'fail_fast': 'False', 'debug': 'False', 'log_path': 'logs', 'version_check': 'True', 'warn_error': 'None', 'use_colors': 'True', 'use_experimental_parser': 'False', 'empty': 'None', 'quiet': 'False', 'no_print': 'None', 'warn_error_options': 'WarnErrorOptions(include=[], exclude=[])', 'invocation_command': 'dbt debug', 'introspect': 'True', 'static_parser': 'True', 'target_path': 'None', 'log_format': 'default', 'send_anonymous_usage_stats': 'True'}
[0m11:30:06.985541 [info ] [MainThread]: dbt version: 1.9.2
[0m11:30:06.985541 [info ] [MainThread]: python version: 3.12.4
[0m11:30:06.985541 [info ] [MainThread]: python path: C:\Users\Atrium\Shubham\dbt-tutorial\dbt-env\Scripts\python.exe
[0m11:30:06.985541 [info ] [MainThread]: os info: Windows-11-10.0.26100-SP0
[0m11:30:06.985541 [info ] [MainThread]: Using profiles dir at C:\Users\Atrium\.dbt
[0m11:30:06.985541 [info ] [MainThread]: Using profiles.yml file at C:\Users\Atrium\.dbt\profiles.yml
[0m11:30:06.985541 [info ] [MainThread]: Using dbt_project.yml file at C:\Users\Atrium\Shubham\dbt-tutorial\dbt_project.yml
[0m11:30:06.985541 [info ] [MainThread]: Configuration:
[0m11:30:06.985541 [info ] [MainThread]:   profiles.yml file [[31mERROR not found[0m]
[0m11:30:06.985541 [info ] [MainThread]:   dbt_project.yml file [[31mERROR not found[0m]
[0m11:30:06.985541 [info ] [MainThread]: Required dependencies:
[0m11:30:06.985541 [debug] [MainThread]: Executing "git --help"
[0m11:30:07.017291 [debug] [MainThread]: STDOUT: "b"usage: git [-v | --version] [-h | --help] [-C <path>] [-c <name>=<value>]\n           [--exec-path[=<path>]] [--html-path] [--man-path] [--info-path]\n           [-p | --paginate | -P | --no-pager] [--no-replace-objects] [--no-lazy-fetch]\n           [--no-optional-locks] [--no-advice] [--bare] [--git-dir=<path>]\n           [--work-tree=<path>] [--namespace=<name>] [--config-env=<name>=<envvar>]\n           <command> [<args>]\n\nThese are common Git commands used in various situations:\n\nstart a working area (see also: git help tutorial)\n   clone     Clone a repository into a new directory\n   init      Create an empty Git repository or reinitialize an existing one\n\nwork on the current change (see also: git help everyday)\n   add       Add file contents to the index\n   mv        Move or rename a file, a directory, or a symlink\n   restore   Restore working tree files\n   rm        Remove files from the working tree and from the index\n\nexamine the history and state (see also: git help revisions)\n   bisect    Use binary search to find the commit that introduced a bug\n   diff      Show changes between commits, commit and working tree, etc\n   grep      Print lines matching a pattern\n   log       Show commit logs\n   show      Show various types of objects\n   status    Show the working tree status\n\ngrow, mark and tweak your common history\n   branch    List, create, or delete branches\n   commit    Record changes to the repository\n   merge     Join two or more development histories together\n   rebase    Reapply commits on top of another base tip\n   reset     Reset current HEAD to the specified state\n   switch    Switch branches\n   tag       Create, list, delete or verify a tag object signed with GPG\n\ncollaborate (see also: git help workflows)\n   fetch     Download objects and refs from another repository\n   pull      Fetch from and integrate with another repository or a local branch\n   push      Update remote refs along with associated objects\n\n'git help -a' and 'git help -g' list available subcommands and some\nconcept guides. See 'git help <command>' or 'git help <concept>'\nto read about a specific subcommand or concept.\nSee 'git help git' for an overview of the system.\n""
[0m11:30:07.017291 [debug] [MainThread]: STDERR: "b''"
[0m11:30:07.017291 [info ] [MainThread]:  - git [[32mOK found[0m]

[0m11:30:07.017291 [info ] [MainThread]: Connection test skipped since no profile was found
[0m11:30:07.017291 [info ] [MainThread]: [31m2 checks failed:[0m
[0m11:30:07.017291 [info ] [MainThread]: dbt looked for a profiles.yml file in C:\Users\Atrium\.dbt\profiles.yml, but did
not find one. For more information on configuring your profile, consult the
documentation:

https://docs.getdbt.com/docs/configure-your-profile


[0m11:30:07.017291 [info ] [MainThread]: Project loading failed for the following reason:
 project path <C:\Users\Atrium\Shubham\dbt-tutorial\dbt_project.yml> not found

[0m11:30:07.017291 [debug] [MainThread]: Command `dbt debug` failed at 11:30:07.017291 after 0.31 seconds
[0m11:30:07.017291 [debug] [MainThread]: Sending event: {'category': 'dbt', 'action': 'invocation', 'label': 'end', 'context': [<snowplow_tracker.self_describing_json.SelfDescribingJson object at 0x000001A45A153A40>, <snowplow_tracker.self_describing_json.SelfDescribingJson object at 0x000001A45986AE10>, <snowplow_tracker.self_describing_json.SelfDescribingJson object at 0x000001A459C8B830>]}
[0m11:30:07.017291 [debug] [MainThread]: Flushing usage events
[0m11:30:08.228184 [debug] [MainThread]: An error was encountered while trying to flush usage events
[0m11:31:12.973291 [debug] [MainThread]: Sending event: {'category': 'dbt', 'action': 'invocation', 'label': 'start', 'context': [<snowplow_tracker.self_describing_json.SelfDescribingJson object at 0x000001F2C76C0530>, <snowplow_tracker.self_describing_json.SelfDescribingJson object at 0x000001F2C879DF40>, <snowplow_tracker.self_describing_json.SelfDescribingJson object at 0x000001F2C919E480>]}


============================== 11:31:12.975932 | 07a4ac08-2ebf-4951-b7b6-14b52a4086cd ==============================
[0m11:31:12.975932 [info ] [MainThread]: Running with dbt=1.9.2
[0m11:31:12.975932 [debug] [MainThread]: running dbt with arguments {'printer_width': '80', 'indirect_selection': 'eager', 'write_json': 'True', 'log_cache_events': 'False', 'partial_parse': 'True', 'cache_selected_only': 'False', 'profiles_dir': 'C:\\Users\\Atrium\\.dbt', 'debug': 'False', 'warn_error': 'None', 'log_path': 'logs', 'fail_fast': 'False', 'version_check': 'True', 'use_colors': 'True', 'use_experimental_parser': 'False', 'empty': 'None', 'quiet': 'False', 'no_print': 'None', 'warn_error_options': 'WarnErrorOptions(include=[], exclude=[])', 'invocation_command': 'dbt debug', 'log_format': 'default', 'static_parser': 'True', 'target_path': 'None', 'introspect': 'True', 'send_anonymous_usage_stats': 'True'}
[0m11:31:12.995257 [info ] [MainThread]: dbt version: 1.9.2
[0m11:31:12.997643 [info ] [MainThread]: python version: 3.12.4
[0m11:31:12.997643 [info ] [MainThread]: python path: C:\Users\Atrium\Shubham\dbt-tutorial\dbt-env\Scripts\python.exe
[0m11:31:12.997643 [info ] [MainThread]: os info: Windows-11-10.0.26100-SP0
[0m11:31:12.999649 [info ] [MainThread]: Using profiles dir at C:\Users\Atrium\.dbt
[0m11:31:12.999649 [info ] [MainThread]: Using profiles.yml file at C:\Users\Atrium\.dbt\profiles.yml
[0m11:31:12.999649 [info ] [MainThread]: Using dbt_project.yml file at C:\Users\Atrium\Shubham\dbt-tutorial\dbt_project.yml
[0m11:31:12.999649 [info ] [MainThread]: Configuration:
[0m11:31:12.999649 [info ] [MainThread]:   profiles.yml file [[31mERROR not found[0m]
[0m11:31:12.999649 [info ] [MainThread]:   dbt_project.yml file [[31mERROR not found[0m]
[0m11:31:12.999649 [info ] [MainThread]: Required dependencies:
[0m11:31:12.999649 [debug] [MainThread]: Executing "git --help"
[0m11:31:13.029221 [debug] [MainThread]: STDOUT: "b"usage: git [-v | --version] [-h | --help] [-C <path>] [-c <name>=<value>]\n           [--exec-path[=<path>]] [--html-path] [--man-path] [--info-path]\n           [-p | --paginate | -P | --no-pager] [--no-replace-objects] [--no-lazy-fetch]\n           [--no-optional-locks] [--no-advice] [--bare] [--git-dir=<path>]\n           [--work-tree=<path>] [--namespace=<name>] [--config-env=<name>=<envvar>]\n           <command> [<args>]\n\nThese are common Git commands used in various situations:\n\nstart a working area (see also: git help tutorial)\n   clone     Clone a repository into a new directory\n   init      Create an empty Git repository or reinitialize an existing one\n\nwork on the current change (see also: git help everyday)\n   add       Add file contents to the index\n   mv        Move or rename a file, a directory, or a symlink\n   restore   Restore working tree files\n   rm        Remove files from the working tree and from the index\n\nexamine the history and state (see also: git help revisions)\n   bisect    Use binary search to find the commit that introduced a bug\n   diff      Show changes between commits, commit and working tree, etc\n   grep      Print lines matching a pattern\n   log       Show commit logs\n   show      Show various types of objects\n   status    Show the working tree status\n\ngrow, mark and tweak your common history\n   branch    List, create, or delete branches\n   commit    Record changes to the repository\n   merge     Join two or more development histories together\n   rebase    Reapply commits on top of another base tip\n   reset     Reset current HEAD to the specified state\n   switch    Switch branches\n   tag       Create, list, delete or verify a tag object signed with GPG\n\ncollaborate (see also: git help workflows)\n   fetch     Download objects and refs from another repository\n   pull      Fetch from and integrate with another repository or a local branch\n   push      Update remote refs along with associated objects\n\n'git help -a' and 'git help -g' list available subcommands and some\nconcept guides. See 'git help <command>' or 'git help <concept>'\nto read about a specific subcommand or concept.\nSee 'git help git' for an overview of the system.\n""
[0m11:31:13.029221 [debug] [MainThread]: STDERR: "b''"
[0m11:31:13.029221 [info ] [MainThread]:  - git [[32mOK found[0m]

[0m11:31:13.029221 [info ] [MainThread]: Connection test skipped since no profile was found
[0m11:31:13.029221 [info ] [MainThread]: [31m2 checks failed:[0m
[0m11:31:13.029221 [info ] [MainThread]: dbt looked for a profiles.yml file in C:\Users\Atrium\.dbt\profiles.yml, but did
not find one. For more information on configuring your profile, consult the
documentation:

https://docs.getdbt.com/docs/configure-your-profile


[0m11:31:13.029221 [info ] [MainThread]: Project loading failed for the following reason:
 project path <C:\Users\Atrium\Shubham\dbt-tutorial\dbt_project.yml> not found

[0m11:31:13.029221 [debug] [MainThread]: Command `dbt debug` failed at 11:31:13.029221 after 0.22 seconds
[0m11:31:13.029221 [debug] [MainThread]: Sending event: {'category': 'dbt', 'action': 'invocation', 'label': 'end', 'context': [<snowplow_tracker.self_describing_json.SelfDescribingJson object at 0x000001F2C8E3FC20>, <snowplow_tracker.self_describing_json.SelfDescribingJson object at 0x000001F2C8E3FAD0>, <snowplow_tracker.self_describing_json.SelfDescribingJson object at 0x000001F2C8E3FCE0>]}
[0m11:31:13.029221 [debug] [MainThread]: Flushing usage events
[0m11:31:14.178060 [debug] [MainThread]: An error was encountered while trying to flush usage events
[0m11:37:18.994063 [debug] [MainThread]: Sending event: {'category': 'dbt', 'action': 'invocation', 'label': 'start', 'context': [<snowplow_tracker.self_describing_json.SelfDescribingJson object at 0x0000025734917950>, <snowplow_tracker.self_describing_json.SelfDescribingJson object at 0x0000025734E72A50>, <snowplow_tracker.self_describing_json.SelfDescribingJson object at 0x0000025734C59340>]}


============================== 11:37:18.996044 | 91e0a416-4183-469c-b113-5c01f5d08a3f ==============================
[0m11:37:18.996044 [info ] [MainThread]: Running with dbt=1.9.2
[0m11:37:18.999555 [debug] [MainThread]: running dbt with arguments {'printer_width': '80', 'indirect_selection': 'eager', 'log_cache_events': 'False', 'write_json': 'True', 'partial_parse': 'True', 'cache_selected_only': 'False', 'profiles_dir': 'C:\\Users\\Atrium\\Shubham\\dbt-tutorial\\jaffle_shop', 'fail_fast': 'False', 'version_check': 'True', 'log_path': 'logs', 'warn_error': 'None', 'debug': 'False', 'use_colors': 'True', 'use_experimental_parser': 'False', 'no_print': 'None', 'quiet': 'False', 'empty': 'False', 'log_format': 'default', 'static_parser': 'True', 'warn_error_options': 'WarnErrorOptions(include=[], exclude=[])', 'invocation_command': 'dbt run --profiles-dir C:\\Users\\Atrium\\Shubham\\dbt-tutorial\\jaffle_shop', 'target_path': 'None', 'introspect': 'True', 'send_anonymous_usage_stats': 'True'}
[0m11:37:18.999555 [error] [MainThread]: Encountered an error:
Runtime Error
  No dbt_project.yml found at expected path C:\Users\Atrium\Shubham\dbt-tutorial\dbt_project.yml
  Verify that each entry within packages.yml (and their transitive dependencies) contains a file named dbt_project.yml
  
[0m11:37:18.999555 [debug] [MainThread]: Command `dbt run` failed at 11:37:18.999555 after 0.23 seconds
[0m11:37:18.999555 [debug] [MainThread]: Sending event: {'category': 'dbt', 'action': 'invocation', 'label': 'end', 'context': [<snowplow_tracker.self_describing_json.SelfDescribingJson object at 0x000002573493E060>, <snowplow_tracker.self_describing_json.SelfDescribingJson object at 0x0000025734BE3980>, <snowplow_tracker.self_describing_json.SelfDescribingJson object at 0x0000025734E72A50>]}
[0m11:37:18.999555 [debug] [MainThread]: Flushing usage events
[0m11:37:20.134463 [debug] [MainThread]: An error was encountered while trying to flush usage events
[0m11:49:27.981220 [debug] [MainThread]: Sending event: {'category': 'dbt', 'action': 'invocation', 'label': 'start', 'context': [<snowplow_tracker.self_describing_json.SelfDescribingJson object at 0x000002137DE8ED80>, <snowplow_tracker.self_describing_json.SelfDescribingJson object at 0x000002137C3B0350>, <snowplow_tracker.self_describing_json.SelfDescribingJson object at 0x000002137E101400>]}


============================== 11:49:27.996951 | 711327d7-a2fe-4957-ac66-59bf919b7ec9 ==============================
[0m11:49:27.996951 [info ] [MainThread]: Running with dbt=1.9.2
[0m11:49:27.996951 [debug] [MainThread]: running dbt with arguments {'printer_width': '80', 'indirect_selection': 'eager', 'write_json': 'True', 'log_cache_events': 'False', 'partial_parse': 'True', 'cache_selected_only': 'False', 'profiles_dir': 'C:\\Users\\Atrium\\.dbt', 'fail_fast': 'False', 'warn_error': 'None', 'log_path': 'logs', 'debug': 'False', 'version_check': 'True', 'use_colors': 'True', 'use_experimental_parser': 'False', 'empty': 'None', 'quiet': 'False', 'no_print': 'None', 'log_format': 'default', 'introspect': 'True', 'static_parser': 'True', 'warn_error_options': 'WarnErrorOptions(include=[], exclude=[])', 'target_path': 'None', 'invocation_command': 'dbt debug', 'send_anonymous_usage_stats': 'True'}
[0m11:49:28.020659 [info ] [MainThread]: dbt version: 1.9.2
[0m11:49:28.021682 [info ] [MainThread]: python version: 3.12.4
[0m11:49:28.021682 [info ] [MainThread]: python path: C:\Users\Atrium\Shubham\dbt-tutorial\dbt-env\Scripts\python.exe
[0m11:49:28.021682 [info ] [MainThread]: os info: Windows-11-10.0.26100-SP0
[0m11:49:28.021682 [info ] [MainThread]: Using profiles dir at C:\Users\Atrium\.dbt
[0m11:49:28.021682 [info ] [MainThread]: Using profiles.yml file at C:\Users\Atrium\.dbt\profiles.yml
[0m11:49:28.021682 [info ] [MainThread]: Using dbt_project.yml file at C:\Users\Atrium\Shubham\dbt-tutorial\dbt_project.yml
[0m11:49:28.021682 [info ] [MainThread]: Configuration:
[0m11:49:28.021682 [info ] [MainThread]:   profiles.yml file [[31mERROR not found[0m]
[0m11:49:28.021682 [info ] [MainThread]:   dbt_project.yml file [[31mERROR not found[0m]
[0m11:49:28.021682 [info ] [MainThread]: Required dependencies:
[0m11:49:28.021682 [debug] [MainThread]: Executing "git --help"
[0m11:49:28.054789 [debug] [MainThread]: STDOUT: "b"usage: git [-v | --version] [-h | --help] [-C <path>] [-c <name>=<value>]\n           [--exec-path[=<path>]] [--html-path] [--man-path] [--info-path]\n           [-p | --paginate | -P | --no-pager] [--no-replace-objects] [--no-lazy-fetch]\n           [--no-optional-locks] [--no-advice] [--bare] [--git-dir=<path>]\n           [--work-tree=<path>] [--namespace=<name>] [--config-env=<name>=<envvar>]\n           <command> [<args>]\n\nThese are common Git commands used in various situations:\n\nstart a working area (see also: git help tutorial)\n   clone     Clone a repository into a new directory\n   init      Create an empty Git repository or reinitialize an existing one\n\nwork on the current change (see also: git help everyday)\n   add       Add file contents to the index\n   mv        Move or rename a file, a directory, or a symlink\n   restore   Restore working tree files\n   rm        Remove files from the working tree and from the index\n\nexamine the history and state (see also: git help revisions)\n   bisect    Use binary search to find the commit that introduced a bug\n   diff      Show changes between commits, commit and working tree, etc\n   grep      Print lines matching a pattern\n   log       Show commit logs\n   show      Show various types of objects\n   status    Show the working tree status\n\ngrow, mark and tweak your common history\n   branch    List, create, or delete branches\n   commit    Record changes to the repository\n   merge     Join two or more development histories together\n   rebase    Reapply commits on top of another base tip\n   reset     Reset current HEAD to the specified state\n   switch    Switch branches\n   tag       Create, list, delete or verify a tag object signed with GPG\n\ncollaborate (see also: git help workflows)\n   fetch     Download objects and refs from another repository\n   pull      Fetch from and integrate with another repository or a local branch\n   push      Update remote refs along with associated objects\n\n'git help -a' and 'git help -g' list available subcommands and some\nconcept guides. See 'git help <command>' or 'git help <concept>'\nto read about a specific subcommand or concept.\nSee 'git help git' for an overview of the system.\n""
[0m11:49:28.054789 [debug] [MainThread]: STDERR: "b''"
[0m11:49:28.054789 [info ] [MainThread]:  - git [[32mOK found[0m]

[0m11:49:28.054789 [info ] [MainThread]: Connection test skipped since no profile was found
[0m11:49:28.054789 [info ] [MainThread]: [31m2 checks failed:[0m
[0m11:49:28.054789 [info ] [MainThread]: dbt looked for a profiles.yml file in C:\Users\Atrium\.dbt\profiles.yml, but did
not find one. For more information on configuring your profile, consult the
documentation:

https://docs.getdbt.com/docs/configure-your-profile


[0m11:49:28.054789 [info ] [MainThread]: Project loading failed for the following reason:
 project path <C:\Users\Atrium\Shubham\dbt-tutorial\dbt_project.yml> not found

[0m11:49:28.054789 [debug] [MainThread]: Command `dbt debug` failed at 11:49:28.054789 after 0.28 seconds
[0m11:49:28.054789 [debug] [MainThread]: Sending event: {'category': 'dbt', 'action': 'invocation', 'label': 'end', 'context': [<snowplow_tracker.self_describing_json.SelfDescribingJson object at 0x000002137E1658B0>, <snowplow_tracker.self_describing_json.SelfDescribingJson object at 0x000002137E166720>, <snowplow_tracker.self_describing_json.SelfDescribingJson object at 0x0000021378553560>]}
[0m11:49:28.054789 [debug] [MainThread]: Flushing usage events
[0m11:49:29.223710 [debug] [MainThread]: An error was encountered while trying to flush usage events
[0m11:52:48.052542 [debug] [MainThread]: Sending event: {'category': 'dbt', 'action': 'invocation', 'label': 'start', 'context': [<snowplow_tracker.self_describing_json.SelfDescribingJson object at 0x00000243931AF680>, <snowplow_tracker.self_describing_json.SelfDescribingJson object at 0x0000024390872870>, <snowplow_tracker.self_describing_json.SelfDescribingJson object at 0x0000024392FC14C0>]}


============================== 11:52:48.059044 | 8f0a9827-63c5-433d-81c5-e279b2d46fa1 ==============================
[0m11:52:48.059044 [info ] [MainThread]: Running with dbt=1.9.2
[0m11:52:48.060776 [debug] [MainThread]: running dbt with arguments {'printer_width': '80', 'indirect_selection': 'eager', 'log_cache_events': 'False', 'write_json': 'True', 'partial_parse': 'True', 'cache_selected_only': 'False', 'profiles_dir': 'C:\\Users\\Atrium\\.dbt', 'version_check': 'True', 'warn_error': 'None', 'log_path': 'logs', 'fail_fast': 'False', 'debug': 'False', 'use_colors': 'True', 'use_experimental_parser': 'False', 'empty': 'None', 'quiet': 'False', 'no_print': 'None', 'warn_error_options': 'WarnErrorOptions(include=[], exclude=[])', 'static_parser': 'True', 'invocation_command': 'dbt debug', 'log_format': 'default', 'target_path': 'None', 'introspect': 'True', 'send_anonymous_usage_stats': 'True'}
[0m11:52:48.063317 [info ] [MainThread]: dbt version: 1.9.2
[0m11:52:48.063317 [info ] [MainThread]: python version: 3.12.4
[0m11:52:48.076719 [info ] [MainThread]: python path: C:\Users\Atrium\Shubham\dbt-tutorial\dbt-env\Scripts\python.exe
[0m11:52:48.077769 [info ] [MainThread]: os info: Windows-11-10.0.26100-SP0
[0m11:52:48.078393 [info ] [MainThread]: Using profiles dir at C:\Users\Atrium\.dbt
[0m11:52:48.078393 [info ] [MainThread]: Using profiles.yml file at C:\Users\Atrium\.dbt\profiles.yml
[0m11:52:48.079422 [info ] [MainThread]: Using dbt_project.yml file at C:\Users\Atrium\Shubham\dbt-tutorial\dbt_project.yml
[0m11:52:48.080382 [info ] [MainThread]: Configuration:
[0m11:52:48.080382 [info ] [MainThread]:   profiles.yml file [[31mERROR not found[0m]
[0m11:52:48.080382 [info ] [MainThread]:   dbt_project.yml file [[31mERROR not found[0m]
[0m11:52:48.080382 [info ] [MainThread]: Required dependencies:
[0m11:52:48.080382 [debug] [MainThread]: Executing "git --help"
[0m11:52:48.102702 [debug] [MainThread]: STDOUT: "b"usage: git [-v | --version] [-h | --help] [-C <path>] [-c <name>=<value>]\n           [--exec-path[=<path>]] [--html-path] [--man-path] [--info-path]\n           [-p | --paginate | -P | --no-pager] [--no-replace-objects] [--no-lazy-fetch]\n           [--no-optional-locks] [--no-advice] [--bare] [--git-dir=<path>]\n           [--work-tree=<path>] [--namespace=<name>] [--config-env=<name>=<envvar>]\n           <command> [<args>]\n\nThese are common Git commands used in various situations:\n\nstart a working area (see also: git help tutorial)\n   clone     Clone a repository into a new directory\n   init      Create an empty Git repository or reinitialize an existing one\n\nwork on the current change (see also: git help everyday)\n   add       Add file contents to the index\n   mv        Move or rename a file, a directory, or a symlink\n   restore   Restore working tree files\n   rm        Remove files from the working tree and from the index\n\nexamine the history and state (see also: git help revisions)\n   bisect    Use binary search to find the commit that introduced a bug\n   diff      Show changes between commits, commit and working tree, etc\n   grep      Print lines matching a pattern\n   log       Show commit logs\n   show      Show various types of objects\n   status    Show the working tree status\n\ngrow, mark and tweak your common history\n   branch    List, create, or delete branches\n   commit    Record changes to the repository\n   merge     Join two or more development histories together\n   rebase    Reapply commits on top of another base tip\n   reset     Reset current HEAD to the specified state\n   switch    Switch branches\n   tag       Create, list, delete or verify a tag object signed with GPG\n\ncollaborate (see also: git help workflows)\n   fetch     Download objects and refs from another repository\n   pull      Fetch from and integrate with another repository or a local branch\n   push      Update remote refs along with associated objects\n\n'git help -a' and 'git help -g' list available subcommands and some\nconcept guides. See 'git help <command>' or 'git help <concept>'\nto read about a specific subcommand or concept.\nSee 'git help git' for an overview of the system.\n""
[0m11:52:48.102702 [debug] [MainThread]: STDERR: "b''"
[0m11:52:48.102702 [info ] [MainThread]:  - git [[32mOK found[0m]

[0m11:52:48.102702 [info ] [MainThread]: Connection test skipped since no profile was found
[0m11:52:48.102702 [info ] [MainThread]: [31m2 checks failed:[0m
[0m11:52:48.102702 [info ] [MainThread]: dbt looked for a profiles.yml file in C:\Users\Atrium\.dbt\profiles.yml, but did
not find one. For more information on configuring your profile, consult the
documentation:

https://docs.getdbt.com/docs/configure-your-profile


[0m11:52:48.102702 [info ] [MainThread]: Project loading failed for the following reason:
 project path <C:\Users\Atrium\Shubham\dbt-tutorial\dbt_project.yml> not found

[0m11:52:48.102702 [debug] [MainThread]: Command `dbt debug` failed at 11:52:48.102702 after 0.27 seconds
[0m11:52:48.102702 [debug] [MainThread]: Sending event: {'category': 'dbt', 'action': 'invocation', 'label': 'end', 'context': [<snowplow_tracker.self_describing_json.SelfDescribingJson object at 0x00000243931AF680>, <snowplow_tracker.self_describing_json.SelfDescribingJson object at 0x0000024392F8EFF0>, <snowplow_tracker.self_describing_json.SelfDescribingJson object at 0x0000024392B8E0C0>]}
[0m11:52:48.102702 [debug] [MainThread]: Flushing usage events
[0m11:52:49.310060 [debug] [MainThread]: An error was encountered while trying to flush usage events
